<testsuite tests='1' results='1' failures='0' disabled='0' errors='0' time='42.221' name='behavior.LookupADefinition'>
  <testcase classname='behavior.LookupADefinition' name='Looking up the definition of &apos;Thucydides&apos;' time='26.601' />
</testsuite>